<?xml version="1.0" encoding="UTF-8"?>
<testsuite xmlns:xsi="http://www.w3.org/2001/XMLSchema-instance" xsi:noNamespaceSchemaLocation="https://maven.apache.org/surefire/maven-surefire-plugin/xsd/surefire-test-report-3.0.xsd" version="3.0" name="com.harp.AppTest" time="0.013" tests="1" errors="0" skipped="0" failures="0">
  <properties>
    <property name="java.specification.version" value="17"/>
    <property name="sun.cpu.isalist" value="amd64"/>
    <property name="sun.jnu.encoding" value="Cp1252"/>
    <property name="java.class.path" value="D:\devharp\testing-git\java-cloudinary\target\test-classes;D:\devharp\testing-git\java-cloudinary\target\classes;C:\Users\91702\.m2\repository\junit\junit\3.8.1\junit-3.8.1.jar;C:\Users\91702\.m2\repository\com\cloudinary\cloudinary-http44\1.27.0\cloudinary-http44-1.27.0.jar;C:\Users\91702\.m2\repository\com\cloudinary\cloudinary-core\1.27.0\cloudinary-core-1.27.0.jar;C:\Users\91702\.m2\repository\org\apache\commons\commons-lang3\3.1\commons-lang3-3.1.jar;C:\Users\91702\.m2\repository\org\apache\httpcomponents\httpclient\4.4\httpclient-4.4.jar;C:\Users\91702\.m2\repository\org\apache\httpcomponents\httpcore\4.4\httpcore-4.4.jar;C:\Users\91702\.m2\repository\commons-logging\commons-logging\1.2\commons-logging-1.2.jar;C:\Users\91702\.m2\repository\commons-codec\commons-codec\1.9\commons-codec-1.9.jar;C:\Users\91702\.m2\repository\org\apache\httpcomponents\httpmime\4.4\httpmime-4.4.jar;"/>
    <property name="java.vm.vendor" value="Oracle Corporation"/>
    <property name="sun.arch.data.model" value="64"/>
    <property name="user.variant" value=""/>
    <property name="java.vendor.url" value="https://java.oracle.com/"/>
    <property name="user.timezone" value="Asia/Calcutta"/>
    <property name="os.name" value="Windows 11"/>
    <property name="java.vm.specification.version" value="17"/>
    <property name="sun.java.launcher" value="SUN_STANDARD"/>
    <property name="user.country" value="IN"/>
    <property name="sun.boot.library.path" value="C:\Program Files\Java\jdk-17\bin"/>
    <property name="sun.java.command" value="C:\Users\91702\AppData\Local\Temp\surefire6729936205086784126\surefirebooter-20230704121017394_3.jar C:\Users\91702\AppData\Local\Temp\surefire6729936205086784126 2023-07-04T12-10-17_287-jvmRun1 surefire-20230704121017394_1tmp surefire_0-20230704121017394_2tmp"/>
    <property name="jdk.debug" value="release"/>
    <property name="surefire.test.class.path" value="D:\devharp\testing-git\java-cloudinary\target\test-classes;D:\devharp\testing-git\java-cloudinary\target\classes;C:\Users\91702\.m2\repository\junit\junit\3.8.1\junit-3.8.1.jar;C:\Users\91702\.m2\repository\com\cloudinary\cloudinary-http44\1.27.0\cloudinary-http44-1.27.0.jar;C:\Users\91702\.m2\repository\com\cloudinary\cloudinary-core\1.27.0\cloudinary-core-1.27.0.jar;C:\Users\91702\.m2\repository\org\apache\commons\commons-lang3\3.1\commons-lang3-3.1.jar;C:\Users\91702\.m2\repository\org\apache\httpcomponents\httpclient\4.4\httpclient-4.4.jar;C:\Users\91702\.m2\repository\org\apache\httpcomponents\httpcore\4.4\httpcore-4.4.jar;C:\Users\91702\.m2\repository\commons-logging\commons-logging\1.2\commons-logging-1.2.jar;C:\Users\91702\.m2\repository\commons-codec\commons-codec\1.9\commons-codec-1.9.jar;C:\Users\91702\.m2\repository\org\apache\httpcomponents\httpmime\4.4\httpmime-4.4.jar;"/>
    <property name="sun.cpu.endian" value="little"/>
    <property name="user.home" value="C:\Users\91702"/>
    <property name="user.language" value="en"/>
    <property name="java.specification.vendor" value="Oracle Corporation"/>
    <property name="java.version.date" value="2023-04-18"/>
    <property name="java.home" value="C:\Program Files\Java\jdk-17"/>
    <property name="file.separator" value="\"/>
    <property name="basedir" value="D:\devharp\testing-git\java-cloudinary"/>
    <property name="java.vm.compressedOopsMode" value="32-bit"/>
    <property name="line.separator" value="&#10;"/>
    <property name="java.vm.specification.vendor" value="Oracle Corporation"/>
    <property name="java.specification.name" value="Java Platform API Specification"/>
    <property name="surefire.real.class.path" value="C:\Users\91702\AppData\Local\Temp\surefire6729936205086784126\surefirebooter-20230704121017394_3.jar"/>
    <property name="user.script" value=""/>
    <property name="sun.management.compiler" value="HotSpot 64-Bit Tiered Compilers"/>
    <property name="java.runtime.version" value="17.0.7+8-LTS-224"/>
    <property name="user.name" value="91702"/>
    <property name="path.separator" value=";"/>
    <property name="os.version" value="10.0"/>
    <property name="java.runtime.name" value="Java(TM) SE Runtime Environment"/>
    <property name="file.encoding" value="Cp1252"/>
    <property name="java.vm.name" value="Java HotSpot(TM) 64-Bit Server VM"/>
    <property name="localRepository" value="C:\Users\91702\.m2\repository"/>
    <property name="java.vendor.url.bug" value="https://bugreport.java.com/bugreport/"/>
    <property name="java.io.tmpdir" value="C:\Users\91702\AppData\Local\Temp\"/>
    <property name="java.version" value="17.0.7"/>
    <property name="user.dir" value="D:\devharp\testing-git\java-cloudinary"/>
    <property name="os.arch" value="amd64"/>
    <property name="java.vm.specification.name" value="Java Virtual Machine Specification"/>
    <property name="sun.os.patch.level" value=""/>
    <property name="native.encoding" value="Cp1252"/>
    <property name="java.library.path" value="C:\Program Files\Java\jdk-17\bin;C:\WINDOWS\Sun\Java\bin;C:\WINDOWS\system32;C:\WINDOWS;C:\Program Files\Common Files\Oracle\Java\javapath;C:\Program Files (x86)\Common Files\Oracle\Java\javapath;D:\oracle\product\10.2.0\db_1\bin;C:\Users\91702\AppData\Local\Programs\Python\Python310\Scripts\;C:\Users\91702\AppData\Local\Programs\Python\Python310\;C:\Windows\system32;C:\Windows;C:\Windows\System32\Wbem;C:\Windows\System32\WindowsPowerShell\v1.0\;C:\Windows\System32\OpenSSH\;C:\Program Files (x86)\NVIDIA Corporation\PhysX\Common;C:\Program Files\NVIDIA Corporation\NVIDIA NvDLISR;C:\Program Files (x86)\eSpeak\command_line;C:\Program Files\nodejs\;C:\ProgramData\chocolatey\bin;D:\bin;C:\Program Files\dotnet\;C:\Program Files\Git\cmd;C:\WINDOWS\system32;C:\WINDOWS;C:\WINDOWS\System32\Wbem;C:\WINDOWS\System32\WindowsPowerShell\v1.0\;C:\WINDOWS\System32\OpenSSH\;D:\Programs\android-sdk\platform-tools;C:\Gradle\bin;C:\Maven\apache-maven-3.9.2\bin;C:\Program Files\Java\jdk-17\bin;C:\Users\91702\AppData\Local\Microsoft\WindowsApps;C:\Users\91702\AppData\Local\Programs\Microsoft VS Code\bin;C:\Users\91702\AppData\Roaming\npm;D:\Program Files (x86)\Nmap;C:\Windows\Microsoft.NET\Framework64\v4.0.30319;C:\Users\91702\AppData\Local\GitHubDesktop\bin;."/>
    <property name="java.vm.info" value="mixed mode, sharing"/>
    <property name="java.vendor" value="Oracle Corporation"/>
    <property name="java.vm.version" value="17.0.7+8-LTS-224"/>
    <property name="sun.io.unicode.encoding" value="UnicodeLittle"/>
    <property name="java.class.version" value="61.0"/>
  </properties>
  <testcase name="testApp" classname="com.harp.AppTest" time="0.001"/>
</testsuite>